<?xml version="1.0" encoding="UTF-8"?>
<!-- Generated by org.testng.reporters.JUnitReportReporter -->
<testsuite hostname="MilanThakkar" failures="0" tests="1" name="test.LoginTest" time="3.596" errors="0" timestamp="2024-10-02T15:27:30 EDT" skipped="0">
  <testcase classname="test.LoginTest" name="verifyCorrectLoginCredentials" time="3.596"/>
</testsuite> <!-- test.LoginTest -->
